Sun Mar 28 2021 18:18:24 GMT+0800 (中国标准时间) 正在监听网络连接。。。测试：http://www.baidu.com
Sun Mar 28 2021 21:19:56 GMT+0800 (中国标准时间) 19198020211
Sun Mar 28 2021 21:19:56 GMT+0800 (中国标准时间) 正在重连。。。19198020211
Sun Mar 28 2021 21:19:58 GMT+0800 (中国标准时间) 19198020218
Sun Mar 28 2021 21:19:58 GMT+0800 (中国标准时间) 正在重连。。。19198020218
Sun Mar 28 2021 21:32:40 GMT+0800 (中国标准时间) 19198020233
Sun Mar 28 2021 21:32:40 GMT+0800 (中国标准时间) 正在重连。。。19198020233
Sun Mar 28 2021 21:32:40 GMT+0800 (中国标准时间) 19198020198
Sun Mar 28 2021 21:32:40 GMT+0800 (中国标准时间) 正在重连。。。19198020198
Sun Mar 28 2021 21:32:40 GMT+0800 (中国标准时间) 19198020148
Sun Mar 28 2021 21:32:40 GMT+0800 (中国标准时间) 正在重连。。。19198020148
Sun Mar 28 2021 21:32:41 GMT+0800 (中国标准时间) 19198020133
Sun Mar 28 2021 21:32:41 GMT+0800 (中国标准时间) 正在重连。。。19198020133
Sun Mar 28 2021 21:32:42 GMT+0800 (中国标准时间) 19198020177
Sun Mar 28 2021 21:32:42 GMT+0800 (中国标准时间) 正在重连。。。19198020177
Sun Mar 28 2021 21:32:45 GMT+0800 (中国标准时间) 19198020258
Sun Mar 28 2021 21:32:45 GMT+0800 (中国标准时间) 正在重连。。。19198020258
Sun Mar 28 2021 21:32:47 GMT+0800 (中国标准时间) 19198020233
Sun Mar 28 2021 21:32:47 GMT+0800 (中国标准时间) 正在重连。。。19198020233
Sun Mar 28 2021 21:32:49 GMT+0800 (中国标准时间) 19198020234
Sun Mar 28 2021 21:32:49 GMT+0800 (中国标准时间) 正在重连。。。19198020234
Sun Mar 28 2021 21:32:51 GMT+0800 (中国标准时间) 19198020308
Sun Mar 28 2021 21:32:51 GMT+0800 (中国标准时间) 正在重连。。。19198020308
Sun Mar 28 2021 21:32:53 GMT+0800 (中国标准时间) 19198020278
Sun Mar 28 2021 21:32:53 GMT+0800 (中国标准时间) 正在重连。。。19198020278
Sun Mar 28 2021 21:32:55 GMT+0800 (中国标准时间) 19198020311
Sun Mar 28 2021 21:32:55 GMT+0800 (中国标准时间) 正在重连。。。19198020311
Sun Mar 28 2021 21:32:57 GMT+0800 (中国标准时间) 19198020177
Sun Mar 28 2021 21:32:57 GMT+0800 (中国标准时间) 正在重连。。。19198020177
Wed Mar 31 2021 11:42:17 GMT+0800 (中国标准时间) 正在监听网络连接。。。测试：http://www.baidu.com
Wed Mar 31 2021 11:42:19 GMT+0800 (中国标准时间) 19198020155
Wed Mar 31 2021 11:42:19 GMT+0800 (中国标准时间) 正在重连。。。19198020155
Wed Mar 31 2021 11:42:21 GMT+0800 (中国标准时间) 19198020138
Wed Mar 31 2021 11:42:21 GMT+0800 (中国标准时间) 正在重连。。。19198020138
Wed Mar 31 2021 11:42:23 GMT+0800 (中国标准时间) 19198020177
Wed Mar 31 2021 11:42:23 GMT+0800 (中国标准时间) 正在重连。。。19198020177
Wed Mar 31 2021 11:50:34 GMT+0800 (中国标准时间) 19198020211
Wed Mar 31 2021 11:50:34 GMT+0800 (中国标准时间) 正在重连。。。19198020211
Wed Mar 31 2021 11:50:35 GMT+0800 (中国标准时间) 19198020138
Wed Mar 31 2021 11:50:35 GMT+0800 (中国标准时间) 正在重连。。。19198020138
Wed Mar 31 2021 11:50:36 GMT+0800 (中国标准时间) 19198020228
Wed Mar 31 2021 11:50:36 GMT+0800 (中国标准时间) 正在重连。。。19198020228
Wed Mar 31 2021 11:50:38 GMT+0800 (中国标准时间) 19198020211
Wed Mar 31 2021 11:50:38 GMT+0800 (中国标准时间) 正在重连。。。19198020211
Wed Mar 31 2021 11:50:39 GMT+0800 (中国标准时间) 19198020234
Wed Mar 31 2021 11:50:39 GMT+0800 (中国标准时间) 正在重连。。。19198020234
Wed Mar 31 2021 11:50:42 GMT+0800 (中国标准时间) 19198020178
Wed Mar 31 2021 11:50:42 GMT+0800 (中国标准时间) 正在重连。。。19198020178
Wed Mar 31 2021 11:50:44 GMT+0800 (中国标准时间) 19198020298
Wed Mar 31 2021 11:50:44 GMT+0800 (中国标准时间) 正在重连。。。19198020298
Wed Mar 31 2021 11:50:45 GMT+0800 (中国标准时间) 19198020228
Wed Mar 31 2021 11:50:45 GMT+0800 (中国标准时间) 正在重连。。。19198020228
Wed Mar 31 2021 11:50:48 GMT+0800 (中国标准时间) 19198020248
Wed Mar 31 2021 11:50:48 GMT+0800 (中国标准时间) 正在重连。。。19198020248
Wed Mar 31 2021 11:50:50 GMT+0800 (中国标准时间) 19198020178
Wed Mar 31 2021 11:50:50 GMT+0800 (中国标准时间) 正在重连。。。19198020178
Wed Mar 31 2021 11:50:52 GMT+0800 (中国标准时间) 19198020234
Wed Mar 31 2021 11:50:52 GMT+0800 (中国标准时间) 正在重连。。。19198020234
Wed Mar 31 2021 11:50:54 GMT+0800 (中国标准时间) 19198020321
Wed Mar 31 2021 11:50:54 GMT+0800 (中国标准时间) 正在重连。。。19198020321
Wed Mar 31 2021 12:11:27 GMT+0800 (中国标准时间) 19198020308
Wed Mar 31 2021 12:11:27 GMT+0800 (中国标准时间) 正在重连。。。19198020308
Wed Mar 31 2021 12:11:29 GMT+0800 (中国标准时间) 19198020258
Wed Mar 31 2021 12:11:29 GMT+0800 (中国标准时间) 正在重连。。。19198020258
Wed Mar 31 2021 12:11:31 GMT+0800 (中国标准时间) 19198020345
Wed Mar 31 2021 12:11:31 GMT+0800 (中国标准时间) 正在重连。。。19198020345
Wed Mar 31 2021 12:11:33 GMT+0800 (中国标准时间) 19198020321
Wed Mar 31 2021 12:11:33 GMT+0800 (中国标准时间) 正在重连。。。19198020321
Wed Mar 31 2021 14:47:01 GMT+0800 (中国标准时间) 正在监听网络连接。。。测试：http://www.baidu.com
